-------------------------------------------------------------------------------
Test set: com.examly.springapp.ioc.ApplicationTests
-------------------------------------------------------------------------------
Tests run: 2, Failures: 1, Errors: 0, Skipped: 0, Time elapsed: 1.879 s <<< FAILURE! - in com.examly.springapp.ioc.ApplicationTests
test_case2  Time elapsed: 0.06 s  <<< FAILURE!
org.junit.ComparisonFailure: expected:<Hello World[!]> but was:<Hello World[]>
	at com.examly.springapp.ioc.ApplicationTests.test_case2(ApplicationTests.java:44)

